<?xml version="1.0" encoding="UTF-8"?>
<testsuite name="org.uniworks.groupware.common.util.StringUtilTest" tests="1" skipped="0" failures="0" errors="0" timestamp="2017-11-24T01:46:55" hostname="Chungwan-PC" time="0.006">
  <properties/>
  <testcase name="getNstringTest" classname="org.uniworks.groupware.common.util.StringUtilTest" time="0.006"/>
  <system-out><![CDATA[10:46:55.773 [Test worker] DEBUG o.u.g.common.util.StringUtilTest - Chungwan : 0003
]]></system-out>
  <system-err><![CDATA[11월 24, 2017 10:46:55 오전 org.springframework.test.context.support.DefaultTestContextBootstrapper getDefaultTestExecutionListenerClassNames
정보: Loaded default TestExecutionListener class names from location [META-INF/spring.factories]: [org.springframework.test.context.web.ServletTestExecutionListener, org.springframework.test.context.support.DirtiesContextBeforeModesTestExecutionListener, org.springframework.test.context.support.DependencyInjectionTestExecutionListener, org.springframework.test.context.support.DirtiesContextTestExecutionListener, org.springframework.test.context.transaction.TransactionalTestExecutionListener, org.springframework.test.context.jdbc.SqlScriptsTestExecutionListener]
11월 24, 2017 10:46:55 오전 org.springframework.test.context.support.DefaultTestContextBootstrapper getTestExecutionListeners
정보: Using TestExecutionListeners: [org.springframework.test.context.web.ServletTestExecutionListener@83a8ce3, org.springframework.test.context.support.DirtiesContextBeforeModesTestExecutionListener@26b0b7f2, org.springframework.test.context.support.DependencyInjectionTestExecutionListener@59ef2c46, org.springframework.test.context.support.DirtiesContextTestExecutionListener@4c74d459, org.springframework.test.context.transaction.TransactionalTestExecutionListener@107514a0, org.springframework.test.context.jdbc.SqlScriptsTestExecutionListener@33d93e7b]
11월 24, 2017 10:46:55 오전 org.springframework.test.context.transaction.TransactionContext startTransaction
정보: Began transaction (1) for test context [DefaultTestContext@41a0aaec testClass = StringUtilTest, testInstance = org.uniworks.groupware.common.util.StringUtilTest@3bf06e45, testMethod = getNstringTest@StringUtilTest, testException = [null], mergedContextConfiguration = [MergedContextConfiguration@d783e08 testClass = StringUtilTest, locations = '{}', classes = '{class org.uniworks.groupware.common.config.AppConfig, class org.uniworks.groupware.common.config.BoneCPConfig}', contextInitializerClasses = '[]', activeProfiles = '{}', propertySourceLocations = '{}', propertySourceProperties = '{}', contextCustomizers = set[[empty]], contextLoader = 'org.springframework.test.context.support.DelegatingSmartContextLoader', parent = [null]], attributes = map[[empty]]]; transaction manager [org.springframework.jdbc.datasource.DataSourceTransactionManager@47cbf9ef]; rollback [true]
11월 24, 2017 10:46:55 오전 org.springframework.test.context.transaction.TransactionContext endTransaction
정보: Rolled back transaction for test context [DefaultTestContext@41a0aaec testClass = StringUtilTest, testInstance = org.uniworks.groupware.common.util.StringUtilTest@3bf06e45, testMethod = getNstringTest@StringUtilTest, testException = [null], mergedContextConfiguration = [MergedContextConfiguration@d783e08 testClass = StringUtilTest, locations = '{}', classes = '{class org.uniworks.groupware.common.config.AppConfig, class org.uniworks.groupware.common.config.BoneCPConfig}', contextInitializerClasses = '[]', activeProfiles = '{}', propertySourceLocations = '{}', propertySourceProperties = '{}', contextCustomizers = set[[empty]], contextLoader = 'org.springframework.test.context.support.DelegatingSmartContextLoader', parent = [null]], attributes = map[[empty]]].
]]></system-err>
</testsuite>
