<?xml version="1.0" encoding="UTF-8"?>
<testsuite name="org.uniworks.groupware.security.PasswordEncoderTest" tests="1" skipped="0" failures="0" errors="0" timestamp="2017-11-24T01:46:56" hostname="Chungwan-PC" time="0.942">
  <properties/>
  <testcase name="testPasswordEncoderGenerator" classname="org.uniworks.groupware.security.PasswordEncoderTest" time="0.942"/>
  <system-out><![CDATA[10:46:56.497 [Test worker] DEBUG o.u.g.s.PasswordEncoderTest - $2a$10$eoXIBpn.1EEf2ymUvY5as.1zgaTreuAoGLjMDJ.aIolOvvm4iipu2
10:46:56.600 [Test worker] DEBUG o.u.g.s.PasswordEncoderTest - $2a$10$nYjMoEfNWoq87XuNwMjqS.VH5r7F9BC.wr3G6JBWH9M70AwOAO3wS
10:46:56.690 [Test worker] DEBUG o.u.g.s.PasswordEncoderTest - $2a$10$z0psy9jkcD8bfbg9BYykmOz6.wGYgpCkIP5FPL28AQdjDe7he7zqm
10:46:56.782 [Test worker] DEBUG o.u.g.s.PasswordEncoderTest - $2a$10$mu/VJE5sszfhUAuBR5Yn8ufEV2jdjZoNEUUJyzTy//Ab1yXp/gvAK
10:46:56.870 [Test worker] DEBUG o.u.g.s.PasswordEncoderTest - $2a$10$BiJdhxJJFjM.TAFdmUrp8eUl6BlncPazFYj6ibas8v17ivPcpHYQK
10:46:56.976 [Test worker] DEBUG o.u.g.s.PasswordEncoderTest - $2a$10$jYIZdnS1SW.LPwmHe2ayxOPJFhEKF9wcfmvj97us.1OzMJ60yY6IO
10:46:57.059 [Test worker] DEBUG o.u.g.s.PasswordEncoderTest - $2a$10$QX8EOgINo2J0GE0rVtE7veotP5YDTwm5/js7JoZ8SUYGJW3EEG/iS
10:46:57.142 [Test worker] DEBUG o.u.g.s.PasswordEncoderTest - $2a$10$ZKpqVllPirZXbMMxiIeVz.wx9x73QEWBC4J24b2IIaNbpqWIZLzjO
10:46:57.231 [Test worker] DEBUG o.u.g.s.PasswordEncoderTest - $2a$10$jPjY4p1iReIbF3OdJXv9Z.fK3ybg6EgSTwIRk5iYPiJaeZ/T.nMMW
10:46:57.319 [Test worker] DEBUG o.u.g.s.PasswordEncoderTest - $2a$10$8yYrpVTZec00o381JiI2qew0CRM2cfZU7fTtgRGusU2pQQ0CORjmi
]]></system-out>
  <system-err><![CDATA[]]></system-err>
</testsuite>
