<?xml version="1.0" encoding="UTF-8"?>
<testsuite name="org.uniworks.groupware.common.util.DateUtilTest" tests="1" skipped="0" failures="0" errors="0" timestamp="2017-11-24T01:46:55" hostname="Chungwan-PC" time="0.021">
  <properties/>
  <testcase name="getCurrentDateTimeConvertToTimestampTest" classname="org.uniworks.groupware.common.util.DateUtilTest" time="0.021"/>
  <system-out><![CDATA[10:46:55.708 [Test worker] DEBUG o.u.g.common.util.DateUtilTest - Timestamp ts : 2017-11-24 10:46:55.0
]]></system-out>
  <system-err><![CDATA[11월 24, 2017 10:46:55 오전 org.springframework.test.context.support.DefaultTestContextBootstrapper getDefaultTestExecutionListenerClassNames
정보: Loaded default TestExecutionListener class names from location [META-INF/spring.factories]: [org.springframework.test.context.web.ServletTestExecutionListener, org.springframework.test.context.support.DirtiesContextBeforeModesTestExecutionListener, org.springframework.test.context.support.DependencyInjectionTestExecutionListener, org.springframework.test.context.support.DirtiesContextTestExecutionListener, org.springframework.test.context.transaction.TransactionalTestExecutionListener, org.springframework.test.context.jdbc.SqlScriptsTestExecutionListener]
11월 24, 2017 10:46:55 오전 org.springframework.test.context.support.DefaultTestContextBootstrapper getTestExecutionListeners
정보: Using TestExecutionListeners: [org.springframework.test.context.web.ServletTestExecutionListener@47241196, org.springframework.test.context.support.DirtiesContextBeforeModesTestExecutionListener@75c6043, org.springframework.test.context.support.DependencyInjectionTestExecutionListener@7cafe2f8, org.springframework.test.context.support.DirtiesContextTestExecutionListener@4832989f, org.springframework.test.context.transaction.TransactionalTestExecutionListener@2ffd88ae, org.springframework.test.context.jdbc.SqlScriptsTestExecutionListener@4bc7bb6a]
11월 24, 2017 10:46:55 오전 org.springframework.test.context.transaction.TransactionContext startTransaction
정보: Began transaction (1) for test context [DefaultTestContext@572de5f4 testClass = DateUtilTest, testInstance = org.uniworks.groupware.common.util.DateUtilTest@21c70890, testMethod = getCurrentDateTimeConvertToTimestampTest@DateUtilTest, testException = [null], mergedContextConfiguration = [MergedContextConfiguration@854ce18 testClass = DateUtilTest, locations = '{}', classes = '{class org.uniworks.groupware.common.config.AppConfig, class org.uniworks.groupware.common.config.BoneCPConfig}', contextInitializerClasses = '[]', activeProfiles = '{}', propertySourceLocations = '{}', propertySourceProperties = '{}', contextCustomizers = set[[empty]], contextLoader = 'org.springframework.test.context.support.DelegatingSmartContextLoader', parent = [null]], attributes = map[[empty]]]; transaction manager [org.springframework.jdbc.datasource.DataSourceTransactionManager@47cbf9ef]; rollback [true]
11월 24, 2017 10:46:55 오전 org.springframework.test.context.transaction.TransactionContext endTransaction
정보: Rolled back transaction for test context [DefaultTestContext@572de5f4 testClass = DateUtilTest, testInstance = org.uniworks.groupware.common.util.DateUtilTest@21c70890, testMethod = getCurrentDateTimeConvertToTimestampTest@DateUtilTest, testException = [null], mergedContextConfiguration = [MergedContextConfiguration@854ce18 testClass = DateUtilTest, locations = '{}', classes = '{class org.uniworks.groupware.common.config.AppConfig, class org.uniworks.groupware.common.config.BoneCPConfig}', contextInitializerClasses = '[]', activeProfiles = '{}', propertySourceLocations = '{}', propertySourceProperties = '{}', contextCustomizers = set[[empty]], contextLoader = 'org.springframework.test.context.support.DelegatingSmartContextLoader', parent = [null]], attributes = map[[empty]]].
]]></system-err>
</testsuite>
