<?xml version="1.0" encoding="UTF-8"?>
<testsuite name="org.uniworks.groupware.service.Nw100mServiceTest" tests="3" skipped="0" failures="1" errors="0" timestamp="2017-11-24T01:46:57" hostname="Chungwan-PC" time="0.312">
  <properties/>
  <testcase name="getNw100mListTest" classname="org.uniworks.groupware.service.Nw100mServiceTest" time="0.037"/>
  <testcase name="getNw100mTest" classname="org.uniworks.groupware.service.Nw100mServiceTest" time="0.018"/>
  <testcase name="addNw100mTest" classname="org.uniworks.groupware.service.Nw100mServiceTest" time="0.256">
    <failure message="org.springframework.dao.DataIntegrityViolationException: &#13;&#10;### Error updating database.  Cause: com.mysql.jdbc.exceptions.jdbc4.MySQLIntegrityConstraintViolationException: Column 'USE_INDC' cannot be null&#13;&#10;### The error may involve org.uniworks.groupware.mapper.Nw100mMapper.insert-Inline&#13;&#10;### The error occurred while setting parameters&#13;&#10;### SQL: insert into nw100m(CO_ID, USER_ID, PSWD, PSWD_CHNG_DATE, PSWD_INIT_INDC, INTERNAL_MAIL_ADDR, OUTSIDE_MAIL_ADDR, CNFM_PSWD, CNFM_PSWD_CHNG_DATE,      USER_RGSR_DATE, USE_INDC)    values (?,?,?,?,?,?,?     ,?,?,?,?)&#13;&#10;### Cause: com.mysql.jdbc.exceptions.jdbc4.MySQLIntegrityConstraintViolationException: Column 'USE_INDC' cannot be null&#10;; ]; Column 'USE_INDC' cannot be null; nested exception is com.mysql.jdbc.exceptions.jdbc4.MySQLIntegrityConstraintViolationException: Column 'USE_INDC' cannot be null" type="org.springframework.dao.DataIntegrityViolationException">org.springframework.dao.DataIntegrityViolationException: 
### Error updating database.  Cause: com.mysql.jdbc.exceptions.jdbc4.MySQLIntegrityConstraintViolationException: Column 'USE_INDC' cannot be null
### The error may involve org.uniworks.groupware.mapper.Nw100mMapper.insert-Inline
### The error occurred while setting parameters
### SQL: insert into nw100m(CO_ID, USER_ID, PSWD, PSWD_CHNG_DATE, PSWD_INIT_INDC, INTERNAL_MAIL_ADDR, OUTSIDE_MAIL_ADDR, CNFM_PSWD, CNFM_PSWD_CHNG_DATE,      USER_RGSR_DATE, USE_INDC)    values (?,?,?,?,?,?,?     ,?,?,?,?)
### Cause: com.mysql.jdbc.exceptions.jdbc4.MySQLIntegrityConstraintViolationException: Column 'USE_INDC' cannot be null
; ]; Column 'USE_INDC' cannot be null; nested exception is com.mysql.jdbc.exceptions.jdbc4.MySQLIntegrityConstraintViolationException: Column 'USE_INDC' cannot be null
	at org.springframework.jdbc.support.SQLExceptionSubclassTranslator.doTranslate(SQLExceptionSubclassTranslator.java:87)
	at org.springframework.jdbc.support.AbstractFallbackSQLExceptionTranslator.translate(AbstractFallbackSQLExceptionTranslator.java:72)
	at org.springframework.jdbc.support.AbstractFallbackSQLExceptionTranslator.translate(AbstractFallbackSQLExceptionTranslator.java:81)
	at org.mybatis.spring.MyBatisExceptionTranslator.translateExceptionIfPossible(MyBatisExceptionTranslator.java:73)
	at org.mybatis.spring.SqlSessionTemplate$SqlSessionInterceptor.invoke(SqlSessionTemplate.java:446)
	at com.sun.proxy.$Proxy40.insert(Unknown Source)
	at org.mybatis.spring.SqlSessionTemplate.insert(SqlSessionTemplate.java:278)
	at org.apache.ibatis.binding.MapperMethod.execute(MapperMethod.java:57)
	at org.apache.ibatis.binding.MapperProxy.invoke(MapperProxy.java:59)
	at com.sun.proxy.$Proxy114.insert(Unknown Source)
	at org.uniworks.groupware.service.internal.Nw100mServiceImpl.addNw100m(Nw100mServiceImpl.java:51)
	at sun.reflect.NativeMethodAccessorImpl.invoke0(Native Method)
	at sun.reflect.NativeMethodAccessorImpl.invoke(NativeMethodAccessorImpl.java:62)
	at sun.reflect.DelegatingMethodAccessorImpl.invoke(DelegatingMethodAccessorImpl.java:43)
	at java.lang.reflect.Method.invoke(Method.java:498)
	at org.springframework.aop.support.AopUtils.invokeJoinpointUsingReflection(AopUtils.java:338)
	at org.springframework.aop.framework.ReflectiveMethodInvocation.invokeJoinpoint(ReflectiveMethodInvocation.java:197)
	at org.springframework.aop.framework.ReflectiveMethodInvocation.proceed(ReflectiveMethodInvocation.java:163)
	at org.springframework.transaction.interceptor.TransactionAspectSupport.invokeWithinTransaction(TransactionAspectSupport.java:294)
	at org.springframework.transaction.interceptor.TransactionInterceptor.invoke(TransactionInterceptor.java:98)
	at org.springframework.aop.framework.ReflectiveMethodInvocation.proceed(ReflectiveMethodInvocation.java:185)
	at org.springframework.aop.framework.JdkDynamicAopProxy.invoke(JdkDynamicAopProxy.java:212)
	at com.sun.proxy.$Proxy115.addNw100m(Unknown Source)
	at org.uniworks.groupware.service.Nw100mServiceTest.addNw100mTest(Nw100mServiceTest.java:70)
	at sun.reflect.NativeMethodAccessorImpl.invoke0(Native Method)
	at sun.reflect.NativeMethodAccessorImpl.invoke(NativeMethodAccessorImpl.java:62)
	at sun.reflect.DelegatingMethodAccessorImpl.invoke(DelegatingMethodAccessorImpl.java:43)
	at java.lang.reflect.Method.invoke(Method.java:498)
	at org.junit.runners.model.FrameworkMethod$1.runReflectiveCall(FrameworkMethod.java:50)
	at org.junit.internal.runners.model.ReflectiveCallable.run(ReflectiveCallable.java:12)
	at org.junit.runners.model.FrameworkMethod.invokeExplosively(FrameworkMethod.java:47)
	at org.junit.internal.runners.statements.InvokeMethod.evaluate(InvokeMethod.java:17)
	at org.springframework.test.context.junit4.statements.RunBeforeTestExecutionCallbacks.evaluate(RunBeforeTestExecutionCallbacks.java:73)
	at org.springframework.test.context.junit4.statements.RunAfterTestExecutionCallbacks.evaluate(RunAfterTestExecutionCallbacks.java:83)
	at org.junit.internal.runners.statements.RunBefores.evaluate(RunBefores.java:26)
	at org.springframework.test.context.junit4.statements.RunBeforeTestMethodCallbacks.evaluate(RunBeforeTestMethodCallbacks.java:75)
	at org.springframework.test.context.junit4.statements.RunAfterTestMethodCallbacks.evaluate(RunAfterTestMethodCallbacks.java:86)
	at org.springframework.test.context.junit4.statements.SpringRepeat.evaluate(SpringRepeat.java:84)
	at org.junit.runners.ParentRunner.runLeaf(ParentRunner.java:325)
	at org.springframework.test.context.junit4.SpringJUnit4ClassRunner.runChild(SpringJUnit4ClassRunner.java:251)
	at org.springframework.test.context.junit4.SpringJUnit4ClassRunner.runChild(SpringJUnit4ClassRunner.java:97)
	at org.junit.runners.ParentRunner$3.run(ParentRunner.java:290)
	at org.junit.runners.ParentRunner$1.schedule(ParentRunner.java:71)
	at org.junit.runners.ParentRunner.runChildren(ParentRunner.java:288)
	at org.junit.runners.ParentRunner.access$000(ParentRunner.java:58)
	at org.junit.runners.ParentRunner$2.evaluate(ParentRunner.java:268)
	at org.springframework.test.context.junit4.statements.RunBeforeTestClassCallbacks.evaluate(RunBeforeTestClassCallbacks.java:61)
	at org.springframework.test.context.junit4.statements.RunAfterTestClassCallbacks.evaluate(RunAfterTestClassCallbacks.java:70)
	at org.junit.runners.ParentRunner.run(ParentRunner.java:363)
	at org.springframework.test.context.junit4.SpringJUnit4ClassRunner.run(SpringJUnit4ClassRunner.java:190)
	at org.gradle.api.internal.tasks.testing.junit.JUnitTestClassExecuter.runTestClass(JUnitTestClassExecuter.java:114)
	at org.gradle.api.internal.tasks.testing.junit.JUnitTestClassExecuter.execute(JUnitTestClassExecuter.java:57)
	at org.gradle.api.internal.tasks.testing.junit.JUnitTestClassProcessor.processTestClass(JUnitTestClassProcessor.java:66)
	at org.gradle.api.internal.tasks.testing.SuiteTestClassProcessor.processTestClass(SuiteTestClassProcessor.java:51)
	at sun.reflect.NativeMethodAccessorImpl.invoke0(Native Method)
	at sun.reflect.NativeMethodAccessorImpl.invoke(NativeMethodAccessorImpl.java:62)
	at sun.reflect.DelegatingMethodAccessorImpl.invoke(DelegatingMethodAccessorImpl.java:43)
	at java.lang.reflect.Method.invoke(Method.java:498)
	at org.gradle.internal.dispatch.ReflectionDispatch.dispatch(ReflectionDispatch.java:35)
	at org.gradle.internal.dispatch.ReflectionDispatch.dispatch(ReflectionDispatch.java:24)
	at org.gradle.internal.dispatch.ContextClassLoaderDispatch.dispatch(ContextClassLoaderDispatch.java:32)
	at org.gradle.internal.dispatch.ProxyDispatchAdapter$DispatchingInvocationHandler.invoke(ProxyDispatchAdapter.java:93)
	at com.sun.proxy.$Proxy2.processTestClass(Unknown Source)
	at org.gradle.api.internal.tasks.testing.worker.TestWorker.processTestClass(TestWorker.java:109)
	at sun.reflect.NativeMethodAccessorImpl.invoke0(Native Method)
	at sun.reflect.NativeMethodAccessorImpl.invoke(NativeMethodAccessorImpl.java:62)
	at sun.reflect.DelegatingMethodAccessorImpl.invoke(DelegatingMethodAccessorImpl.java:43)
	at java.lang.reflect.Method.invoke(Method.java:498)
	at org.gradle.internal.dispatch.ReflectionDispatch.dispatch(ReflectionDispatch.java:35)
	at org.gradle.internal.dispatch.ReflectionDispatch.dispatch(ReflectionDispatch.java:24)
	at org.gradle.internal.remote.internal.hub.MessageHubBackedObjectConnection$DispatchWrapper.dispatch(MessageHubBackedObjectConnection.java:147)
	at org.gradle.internal.remote.internal.hub.MessageHubBackedObjectConnection$DispatchWrapper.dispatch(MessageHubBackedObjectConnection.java:129)
	at org.gradle.internal.remote.internal.hub.MessageHub$Handler.run(MessageHub.java:404)
	at org.gradle.internal.concurrent.ExecutorPolicy$CatchAndRecordFailures.onExecute(ExecutorPolicy.java:63)
	at org.gradle.internal.concurrent.StoppableExecutorImpl$1.run(StoppableExecutorImpl.java:46)
	at java.util.concurrent.ThreadPoolExecutor.runWorker(ThreadPoolExecutor.java:1149)
	at java.util.concurrent.ThreadPoolExecutor$Worker.run(ThreadPoolExecutor.java:624)
	at java.lang.Thread.run(Thread.java:748)
Caused by: com.mysql.jdbc.exceptions.jdbc4.MySQLIntegrityConstraintViolationException: Column 'USE_INDC' cannot be null
	at sun.reflect.NativeConstructorAccessorImpl.newInstance0(Native Method)
	at sun.reflect.NativeConstructorAccessorImpl.newInstance(NativeConstructorAccessorImpl.java:62)
	at sun.reflect.DelegatingConstructorAccessorImpl.newInstance(DelegatingConstructorAccessorImpl.java:45)
	at java.lang.reflect.Constructor.newInstance(Constructor.java:423)
	at com.mysql.jdbc.Util.handleNewInstance(Util.java:425)
	at com.mysql.jdbc.Util.getInstance(Util.java:408)
	at com.mysql.jdbc.SQLError.createSQLException(SQLError.java:935)
	at com.mysql.jdbc.MysqlIO.checkErrorPacket(MysqlIO.java:3973)
	at com.mysql.jdbc.MysqlIO.checkErrorPacket(MysqlIO.java:3909)
	at com.mysql.jdbc.MysqlIO.sendCommand(MysqlIO.java:2527)
	at com.mysql.jdbc.MysqlIO.sqlQueryDirect(MysqlIO.java:2680)
	at com.mysql.jdbc.ConnectionImpl.execSQL(ConnectionImpl.java:2487)
	at com.mysql.jdbc.PreparedStatement.executeInternal(PreparedStatement.java:1858)
	at com.mysql.jdbc.PreparedStatement.execute(PreparedStatement.java:1197)
	at com.jolbox.bonecp.PreparedStatementHandle.execute(PreparedStatementHandle.java:140)
	at sun.reflect.GeneratedMethodAccessor80.invoke(Unknown Source)
	at sun.reflect.DelegatingMethodAccessorImpl.invoke(DelegatingMethodAccessorImpl.java:43)
	at java.lang.reflect.Method.invoke(Method.java:498)
	at org.apache.ibatis.logging.jdbc.PreparedStatementLogger.invoke(PreparedStatementLogger.java:59)
	at com.sun.proxy.$Proxy146.execute(Unknown Source)
	at org.apache.ibatis.executor.statement.PreparedStatementHandler.update(PreparedStatementHandler.java:46)
	at org.apache.ibatis.executor.statement.RoutingStatementHandler.update(RoutingStatementHandler.java:74)
	at org.apache.ibatis.executor.SimpleExecutor.doUpdate(SimpleExecutor.java:50)
	at org.apache.ibatis.executor.BaseExecutor.update(BaseExecutor.java:117)
	at org.apache.ibatis.executor.CachingExecutor.update(CachingExecutor.java:76)
	at org.apache.ibatis.session.defaults.DefaultSqlSession.update(DefaultSqlSession.java:198)
	at org.apache.ibatis.session.defaults.DefaultSqlSession.insert(DefaultSqlSession.java:185)
	at sun.reflect.NativeMethodAccessorImpl.invoke0(Native Method)
	at sun.reflect.NativeMethodAccessorImpl.invoke(NativeMethodAccessorImpl.java:62)
	at sun.reflect.DelegatingMethodAccessorImpl.invoke(DelegatingMethodAccessorImpl.java:43)
	at java.lang.reflect.Method.invoke(Method.java:498)
	at org.mybatis.spring.SqlSessionTemplate$SqlSessionInterceptor.invoke(SqlSessionTemplate.java:433)
	... 73 more
</failure>
  </testcase>
  <system-out><![CDATA[10:46:57.655 [Test worker] DEBUG o.mybatis.spring.SqlSessionUtils - Creating a new SqlSession
10:46:57.655 [Test worker] DEBUG o.mybatis.spring.SqlSessionUtils - Registering transaction synchronization for SqlSession [org.apache.ibatis.session.defaults.DefaultSqlSession@3c1f5520]
10:46:57.656 [Test worker] DEBUG o.m.s.t.SpringManagedTransaction - JDBC Connection [ConnectionHandle{url=jdbc:mysql://localhost/gw?useUnicode=true&characterEncoding=utf-8, user=gw, debugHandle=null, lastResetAgoInSec=2, lastUsedAgoInSec=0, creationTimeAgoInSec=2}] will be managed by Spring
10:46:57.656 [Test worker] DEBUG o.u.g.mapper.Nw100mMapper.select - ==>  Preparing: select CO_ID, USER_ID, PSWD, PSWD_CHNG_DATE, PSWD_INIT_INDC, INTERNAL_MAIL_ADDR, OUTSIDE_MAIL_ADDR, CNFM_PSWD, CNFM_PSWD_CHNG_DATE, USER_RGSR_DATE, USE_INDC from nw100m 
10:46:57.656 [Test worker] DEBUG o.u.g.mapper.Nw100mMapper.select - ==> Parameters: 
10:46:57.661 [Test worker] DEBUG o.u.g.mapper.Nw100mMapper.select - <==      Total: 11
10:46:57.662 [Test worker] DEBUG o.mybatis.spring.SqlSessionUtils - Releasing transactional SqlSession [org.apache.ibatis.session.defaults.DefaultSqlSession@3c1f5520]
10:46:57.663 [Test worker] DEBUG o.mybatis.spring.SqlSessionUtils - Transaction synchronization deregistering SqlSession [org.apache.ibatis.session.defaults.DefaultSqlSession@3c1f5520]
10:46:57.663 [Test worker] DEBUG o.mybatis.spring.SqlSessionUtils - Transaction synchronization closing SqlSession [org.apache.ibatis.session.defaults.DefaultSqlSession@3c1f5520]
10:46:57.702 [Test worker] DEBUG o.mybatis.spring.SqlSessionUtils - Creating a new SqlSession
10:46:57.702 [Test worker] DEBUG o.mybatis.spring.SqlSessionUtils - Registering transaction synchronization for SqlSession [org.apache.ibatis.session.defaults.DefaultSqlSession@626029e1]
10:46:57.702 [Test worker] DEBUG o.m.s.t.SpringManagedTransaction - JDBC Connection [ConnectionHandle{url=jdbc:mysql://localhost/gw?useUnicode=true&characterEncoding=utf-8, user=gw, debugHandle=null, lastResetAgoInSec=2, lastUsedAgoInSec=0, creationTimeAgoInSec=2}] will be managed by Spring
10:46:57.702 [Test worker] DEBUG o.u.g.m.N.selectByPrimaryKey - ==>  Preparing: select CO_ID, USER_ID, PSWD, PSWD_CHNG_DATE, PSWD_INIT_INDC, INTERNAL_MAIL_ADDR, OUTSIDE_MAIL_ADDR, CNFM_PSWD, CNFM_PSWD_CHNG_DATE, USER_RGSR_DATE, USE_INDC from nw100m where CO_ID = ? and USER_ID = ? 
10:46:57.703 [Test worker] DEBUG o.u.g.m.N.selectByPrimaryKey - ==> Parameters: A001(String), 00000001(String)
10:46:57.704 [Test worker] DEBUG o.u.g.m.N.selectByPrimaryKey - <==      Total: 1
10:46:57.705 [Test worker] DEBUG o.mybatis.spring.SqlSessionUtils - Releasing transactional SqlSession [org.apache.ibatis.session.defaults.DefaultSqlSession@626029e1]
10:46:57.705 [Test worker] DEBUG o.mybatis.spring.SqlSessionUtils - Transaction synchronization deregistering SqlSession [org.apache.ibatis.session.defaults.DefaultSqlSession@626029e1]
10:46:57.705 [Test worker] DEBUG o.mybatis.spring.SqlSessionUtils - Transaction synchronization closing SqlSession [org.apache.ibatis.session.defaults.DefaultSqlSession@626029e1]
10:46:57.711 [Test worker] DEBUG o.mybatis.spring.SqlSessionUtils - Creating a new SqlSession
10:46:57.711 [Test worker] DEBUG o.mybatis.spring.SqlSessionUtils - Registering transaction synchronization for SqlSession [org.apache.ibatis.session.defaults.DefaultSqlSession@6f47e55d]
10:46:57.711 [Test worker] DEBUG o.m.s.t.SpringManagedTransaction - JDBC Connection [ConnectionHandle{url=jdbc:mysql://localhost/gw?useUnicode=true&characterEncoding=utf-8, user=gw, debugHandle=null, lastResetAgoInSec=2, lastUsedAgoInSec=0, creationTimeAgoInSec=2}] will be managed by Spring
10:46:57.711 [Test worker] DEBUG o.u.g.mapper.Nw100mMapper.insert - ==>  Preparing: insert into nw100m(CO_ID, USER_ID, PSWD, PSWD_CHNG_DATE, PSWD_INIT_INDC, INTERNAL_MAIL_ADDR, OUTSIDE_MAIL_ADDR, CNFM_PSWD, CNFM_PSWD_CHNG_DATE, USER_RGSR_DATE, USE_INDC) values (?,?,?,?,?,?,? ,?,?,?,?) 
10:46:57.713 [Test worker] DEBUG o.u.g.mapper.Nw100mMapper.insert - ==> Parameters: A001(String), 00000002(String), sksahffk(String), 2017-11-24 10:46:57.711(Timestamp), N(String), linuxwan@naver.com(String), linuxwan@naver.com(String), sksahffk(String), 2017-11-24 10:46:57.711(Timestamp), 2017-11-24 10:46:57.711(Timestamp), null
10:46:57.745 [Test worker] DEBUG o.mybatis.spring.SqlSessionUtils - Releasing transactional SqlSession [org.apache.ibatis.session.defaults.DefaultSqlSession@6f47e55d]
10:46:57.961 [Test worker] DEBUG o.mybatis.spring.SqlSessionUtils - Transaction synchronization deregistering SqlSession [org.apache.ibatis.session.defaults.DefaultSqlSession@6f47e55d]
10:46:57.961 [Test worker] DEBUG o.mybatis.spring.SqlSessionUtils - Transaction synchronization closing SqlSession [org.apache.ibatis.session.defaults.DefaultSqlSession@6f47e55d]
]]></system-out>
  <system-err><![CDATA[11월 24, 2017 10:46:57 오전 org.springframework.test.context.support.DefaultTestContextBootstrapper getDefaultTestExecutionListenerClassNames
정보: Loaded default TestExecutionListener class names from location [META-INF/spring.factories]: [org.springframework.test.context.web.ServletTestExecutionListener, org.springframework.test.context.support.DirtiesContextBeforeModesTestExecutionListener, org.springframework.test.context.support.DependencyInjectionTestExecutionListener, org.springframework.test.context.support.DirtiesContextTestExecutionListener, org.springframework.test.context.transaction.TransactionalTestExecutionListener, org.springframework.test.context.jdbc.SqlScriptsTestExecutionListener]
11월 24, 2017 10:46:57 오전 org.springframework.test.context.support.DefaultTestContextBootstrapper getTestExecutionListeners
정보: Using TestExecutionListeners: [org.springframework.test.context.web.ServletTestExecutionListener@500eb51e, org.springframework.test.context.support.DirtiesContextBeforeModesTestExecutionListener@4944efd, org.springframework.test.context.support.DependencyInjectionTestExecutionListener@17c4ef30, org.springframework.test.context.support.DirtiesContextTestExecutionListener@7e8ac1fd, org.springframework.test.context.transaction.TransactionalTestExecutionListener@5b092d77, org.springframework.test.context.jdbc.SqlScriptsTestExecutionListener@7d4c634d]
11월 24, 2017 10:46:57 오전 org.springframework.test.context.transaction.TransactionContext startTransaction
정보: Began transaction (1) for test context [DefaultTestContext@6954a32d testClass = Nw100mServiceTest, testInstance = org.uniworks.groupware.service.Nw100mServiceTest@2920fcca, testMethod = getNw100mListTest@Nw100mServiceTest, testException = [null], mergedContextConfiguration = [MergedContextConfiguration@2c97681a testClass = Nw100mServiceTest, locations = '{}', classes = '{class org.uniworks.groupware.common.config.AppConfig, class org.uniworks.groupware.common.config.BoneCPConfig}', contextInitializerClasses = '[]', activeProfiles = '{}', propertySourceLocations = '{}', propertySourceProperties = '{}', contextCustomizers = set[[empty]], contextLoader = 'org.springframework.test.context.support.DelegatingSmartContextLoader', parent = [null]], attributes = map[[empty]]]; transaction manager [org.springframework.jdbc.datasource.DataSourceTransactionManager@47cbf9ef]; rollback [true]
11월 24, 2017 10:46:57 오전 org.springframework.test.context.transaction.TransactionContext endTransaction
정보: Rolled back transaction for test context [DefaultTestContext@6954a32d testClass = Nw100mServiceTest, testInstance = org.uniworks.groupware.service.Nw100mServiceTest@2920fcca, testMethod = getNw100mListTest@Nw100mServiceTest, testException = [null], mergedContextConfiguration = [MergedContextConfiguration@2c97681a testClass = Nw100mServiceTest, locations = '{}', classes = '{class org.uniworks.groupware.common.config.AppConfig, class org.uniworks.groupware.common.config.BoneCPConfig}', contextInitializerClasses = '[]', activeProfiles = '{}', propertySourceLocations = '{}', propertySourceProperties = '{}', contextCustomizers = set[[empty]], contextLoader = 'org.springframework.test.context.support.DelegatingSmartContextLoader', parent = [null]], attributes = map[[empty]]].
11월 24, 2017 10:46:57 오전 org.springframework.test.context.transaction.TransactionContext startTransaction
정보: Began transaction (1) for test context [DefaultTestContext@6954a32d testClass = Nw100mServiceTest, testInstance = org.uniworks.groupware.service.Nw100mServiceTest@9fc7f4e, testMethod = getNw100mTest@Nw100mServiceTest, testException = [null], mergedContextConfiguration = [MergedContextConfiguration@2c97681a testClass = Nw100mServiceTest, locations = '{}', classes = '{class org.uniworks.groupware.common.config.AppConfig, class org.uniworks.groupware.common.config.BoneCPConfig}', contextInitializerClasses = '[]', activeProfiles = '{}', propertySourceLocations = '{}', propertySourceProperties = '{}', contextCustomizers = set[[empty]], contextLoader = 'org.springframework.test.context.support.DelegatingSmartContextLoader', parent = [null]], attributes = map[[empty]]]; transaction manager [org.springframework.jdbc.datasource.DataSourceTransactionManager@47cbf9ef]; rollback [true]
11월 24, 2017 10:46:57 오전 org.springframework.test.context.transaction.TransactionContext endTransaction
정보: Rolled back transaction for test context [DefaultTestContext@6954a32d testClass = Nw100mServiceTest, testInstance = org.uniworks.groupware.service.Nw100mServiceTest@9fc7f4e, testMethod = getNw100mTest@Nw100mServiceTest, testException = [null], mergedContextConfiguration = [MergedContextConfiguration@2c97681a testClass = Nw100mServiceTest, locations = '{}', classes = '{class org.uniworks.groupware.common.config.AppConfig, class org.uniworks.groupware.common.config.BoneCPConfig}', contextInitializerClasses = '[]', activeProfiles = '{}', propertySourceLocations = '{}', propertySourceProperties = '{}', contextCustomizers = set[[empty]], contextLoader = 'org.springframework.test.context.support.DelegatingSmartContextLoader', parent = [null]], attributes = map[[empty]]].
11월 24, 2017 10:46:57 오전 org.springframework.test.context.transaction.TransactionContext startTransaction
정보: Began transaction (1) for test context [DefaultTestContext@6954a32d testClass = Nw100mServiceTest, testInstance = org.uniworks.groupware.service.Nw100mServiceTest@2a236c71, testMethod = addNw100mTest@Nw100mServiceTest, testException = [null], mergedContextConfiguration = [MergedContextConfiguration@2c97681a testClass = Nw100mServiceTest, locations = '{}', classes = '{class org.uniworks.groupware.common.config.AppConfig, class org.uniworks.groupware.common.config.BoneCPConfig}', contextInitializerClasses = '[]', activeProfiles = '{}', propertySourceLocations = '{}', propertySourceProperties = '{}', contextCustomizers = set[[empty]], contextLoader = 'org.springframework.test.context.support.DelegatingSmartContextLoader', parent = [null]], attributes = map[[empty]]]; transaction manager [org.springframework.jdbc.datasource.DataSourceTransactionManager@47cbf9ef]; rollback [true]
11월 24, 2017 10:46:57 오전 org.springframework.beans.factory.xml.XmlBeanDefinitionReader loadBeanDefinitions
정보: Loading XML bean definitions from class path resource [org/springframework/jdbc/support/sql-error-codes.xml]
11월 24, 2017 10:46:57 오전 org.springframework.jdbc.support.SQLErrorCodesFactory <init>
정보: SQLErrorCodes loaded: [DB2, Derby, H2, HSQL, Informix, MS-SQL, MySQL, Oracle, PostgreSQL, Sybase, Hana]
11월 24, 2017 10:46:57 오전 org.springframework.test.context.transaction.TransactionContext endTransaction
정보: Rolled back transaction for test context [DefaultTestContext@6954a32d testClass = Nw100mServiceTest, testInstance = org.uniworks.groupware.service.Nw100mServiceTest@2a236c71, testMethod = addNw100mTest@Nw100mServiceTest, testException = org.springframework.dao.DataIntegrityViolationException: 
### Error updating database.  Cause: com.mysql.jdbc.exceptions.jdbc4.MySQLIntegrityConstraintViolationException: Column 'USE_INDC' cannot be null
### The error may involve org.uniworks.groupware.mapper.Nw100mMapper.insert-Inline
### The error occurred while setting parameters
### SQL: insert into nw100m(CO_ID, USER_ID, PSWD, PSWD_CHNG_DATE, PSWD_INIT_INDC, INTERNAL_MAIL_ADDR, OUTSIDE_MAIL_ADDR, CNFM_PSWD, CNFM_PSWD_CHNG_DATE,      USER_RGSR_DATE, USE_INDC)    values (?,?,?,?,?,?,?     ,?,?,?,?)
### Cause: com.mysql.jdbc.exceptions.jdbc4.MySQLIntegrityConstraintViolationException: Column 'USE_INDC' cannot be null
; ]; Column 'USE_INDC' cannot be null; nested exception is com.mysql.jdbc.exceptions.jdbc4.MySQLIntegrityConstraintViolationException: Column 'USE_INDC' cannot be null, mergedContextConfiguration = [MergedContextConfiguration@2c97681a testClass = Nw100mServiceTest, locations = '{}', classes = '{class org.uniworks.groupware.common.config.AppConfig, class org.uniworks.groupware.common.config.BoneCPConfig}', contextInitializerClasses = '[]', activeProfiles = '{}', propertySourceLocations = '{}', propertySourceProperties = '{}', contextCustomizers = set[[empty]], contextLoader = 'org.springframework.test.context.support.DelegatingSmartContextLoader', parent = [null]], attributes = map[[empty]]].
]]></system-err>
</testsuite>
