<?xml version="1.0" encoding="UTF-8"?>
<testsuite name="org.uniworks.groupware.mapper.CommonMapperTest" tests="1" skipped="0" failures="0" errors="0" timestamp="2017-11-24T01:46:56" hostname="Chungwan-PC" time="0.061">
  <properties/>
  <testcase name="testGetByCommonSubCodeList" classname="org.uniworks.groupware.mapper.CommonMapperTest" time="0.061"/>
  <system-out><![CDATA[10:46:56.021 [Test worker] DEBUG o.mybatis.spring.SqlSessionUtils - Creating a new SqlSession
10:46:56.021 [Test worker] DEBUG o.mybatis.spring.SqlSessionUtils - SqlSession [org.apache.ibatis.session.defaults.DefaultSqlSession@327a25dc] was not registered for synchronization because synchronization is not active
10:46:56.060 [Test worker] DEBUG o.m.s.t.SpringManagedTransaction - JDBC Connection [ConnectionHandle{url=jdbc:mysql://localhost/gw?useUnicode=true&characterEncoding=utf-8, user=gw, debugHandle=null, lastResetAgoInSec=0, lastUsedAgoInSec=0, creationTimeAgoInSec=0}] will not be managed by Spring
10:46:56.060 [Test worker] DEBUG o.u.g.m.C.selectByCommonSubCodeList - ==>  Preparing: select A.MAJ_CODE as MAJ_CODE, A.SUB_CODE as SUB_CODE, A.RESC_KEY as RESC_KEY, A.USE_INDC as USE_INDC, B.RESC_KEY_VALUE as RESC_KEY_VALUE, B.RESC_KEY_DESC as RESC_KEY_DESC from cm002c A, cm003m B where A.MAJ_CODE = ? and A.RESC_KEY = B.RESC_KEY and B.LOCALE = ? order by B.RESC_KEY 
10:46:56.061 [Test worker] DEBUG o.u.g.m.C.selectByCommonSubCodeList - ==> Parameters: CD004(String), ko(String)
10:46:56.077 [Test worker] DEBUG o.u.g.m.C.selectByCommonSubCodeList - <==      Total: 21
10:46:56.077 [Test worker] DEBUG o.mybatis.spring.SqlSessionUtils - Closing non transactional SqlSession [org.apache.ibatis.session.defaults.DefaultSqlSession@327a25dc]
10:46:56.079 [Test worker] DEBUG o.u.g.mapper.CommonMapperTest - CD004:0E:사장
10:46:56.079 [Test worker] DEBUG o.u.g.mapper.CommonMapperTest - CD004:0G:부사장
10:46:56.079 [Test worker] DEBUG o.u.g.mapper.CommonMapperTest - CD004:0J:전무
10:46:56.080 [Test worker] DEBUG o.u.g.mapper.CommonMapperTest - CD004:0L:상무
10:46:56.080 [Test worker] DEBUG o.u.g.mapper.CommonMapperTest - CD004:0R:고문
10:46:56.080 [Test worker] DEBUG o.u.g.mapper.CommonMapperTest - CD004:0U:사외이사
10:46:56.080 [Test worker] DEBUG o.u.g.mapper.CommonMapperTest - CD004:1A:수석부장
10:46:56.080 [Test worker] DEBUG o.u.g.mapper.CommonMapperTest - CD004:1B:연봉제사원
10:46:56.080 [Test worker] DEBUG o.u.g.mapper.CommonMapperTest - CD004:2A:부장
10:46:56.080 [Test worker] DEBUG o.u.g.mapper.CommonMapperTest - CD004:3A:차장
10:46:56.080 [Test worker] DEBUG o.u.g.mapper.CommonMapperTest - CD004:4A:과장
10:46:56.080 [Test worker] DEBUG o.u.g.mapper.CommonMapperTest - CD004:5A:대리
10:46:56.080 [Test worker] DEBUG o.u.g.mapper.CommonMapperTest - CD004:7A:준사원
10:46:56.080 [Test worker] DEBUG o.u.g.mapper.CommonMapperTest - CD004:7C:특정직
10:46:56.080 [Test worker] DEBUG o.u.g.mapper.CommonMapperTest - CD004:7N:촉탁직
10:46:56.080 [Test worker] DEBUG o.u.g.mapper.CommonMapperTest - CD004:7U:별정직
10:46:56.080 [Test worker] DEBUG o.u.g.mapper.CommonMapperTest - CD004:8D:기원
10:46:56.080 [Test worker] DEBUG o.u.g.mapper.CommonMapperTest - CD004:8G:기감
10:46:56.080 [Test worker] DEBUG o.u.g.mapper.CommonMapperTest - CD004:8J:기정
10:46:56.080 [Test worker] DEBUG o.u.g.mapper.CommonMapperTest - CD004:8M:기선
10:46:56.080 [Test worker] DEBUG o.u.g.mapper.CommonMapperTest - CD004:8P:기능사원
]]></system-out>
  <system-err><![CDATA[11월 24, 2017 10:46:56 오전 org.springframework.test.context.support.DefaultTestContextBootstrapper getDefaultTestExecutionListenerClassNames
정보: Loaded default TestExecutionListener class names from location [META-INF/spring.factories]: [org.springframework.test.context.web.ServletTestExecutionListener, org.springframework.test.context.support.DirtiesContextBeforeModesTestExecutionListener, org.springframework.test.context.support.DependencyInjectionTestExecutionListener, org.springframework.test.context.support.DirtiesContextTestExecutionListener, org.springframework.test.context.transaction.TransactionalTestExecutionListener, org.springframework.test.context.jdbc.SqlScriptsTestExecutionListener]
11월 24, 2017 10:46:56 오전 org.springframework.test.context.support.DefaultTestContextBootstrapper getTestExecutionListeners
정보: Using TestExecutionListeners: [org.springframework.test.context.web.ServletTestExecutionListener@7f5ab060, org.springframework.test.context.support.DirtiesContextBeforeModesTestExecutionListener@28ddba19, org.springframework.test.context.support.DependencyInjectionTestExecutionListener@707a5263, org.springframework.test.context.support.DirtiesContextTestExecutionListener@3beff9d6, org.springframework.test.context.transaction.TransactionalTestExecutionListener@111c877b, org.springframework.test.context.jdbc.SqlScriptsTestExecutionListener@5454ea33]
]]></system-err>
</testsuite>
