<?xml version="1.0" encoding="UTF-8"?>
<testsuite name="org.uniworks.groupware.service.MenuServiceTest" tests="2" skipped="0" failures="0" errors="0" timestamp="2017-11-24T01:46:57" hostname="Chungwan-PC" time="0.043">
  <properties/>
  <testcase name="testGetTopMenu" classname="org.uniworks.groupware.service.MenuServiceTest" time="0.02"/>
  <testcase name="testGetSubMenuAll" classname="org.uniworks.groupware.service.MenuServiceTest" time="0.022"/>
  <system-out><![CDATA[10:46:57.597 [Test worker] DEBUG o.mybatis.spring.SqlSessionUtils - Creating a new SqlSession
10:46:57.597 [Test worker] DEBUG o.mybatis.spring.SqlSessionUtils - Registering transaction synchronization for SqlSession [org.apache.ibatis.session.defaults.DefaultSqlSession@5d650710]
10:46:57.597 [Test worker] DEBUG o.m.s.t.SpringManagedTransaction - JDBC Connection [ConnectionHandle{url=jdbc:mysql://localhost/gw?useUnicode=true&characterEncoding=utf-8, user=gw, debugHandle=null, lastResetAgoInSec=1, lastUsedAgoInSec=1, creationTimeAgoInSec=1}] will be managed by Spring
10:46:57.597 [Test worker] DEBUG o.u.g.m.M.selectByTopMenu - ==>  Preparing: select A.CO_ID as CO_ID, A.MENU_ID as MENU_ID, A.HIGH_MENU_ID as HIGH_MENU_ID, C.MENU_DSPL_NAME as MENU_DSPL_NAME, A.MENU_LEVEL as MENU_LEVEL, A.MENU_ORD as MENU_ORD, A.TOP_URL as TOP_URL, A.LEFT_URL as LEFT_URL, A.BODY_URL as BODY_URL, A.CNTN_ID as CNTN_ID, B.CNTN_NAME as CNTN_NAME, A.MENU_DSPL_INDC as MENU_DSPL_INDC, A.CNTN_LINK_INDC as CNTN_LINK_INDC, A.LINK_TYPE as LINK_TYPE, A.MENU_DESC as MENU_DESC, A.DFLT_MENU_INDC as DFLT_MENU_INDC, A.DLGT_MENU_INDC as DLGT_MENU_INDC, A.MY_MENU_SET_INDC as MY_MENU_SET_INDC, A.ICON_FILE_URL as ICON_FILE_URL, A.CRT_DATE as CRT_DATE, A.CRT_ID as CRT_ID, A.CHNG_DATE as CHNG_DATE, A.CHNG_ID as CHNG_ID from nw020m as A LEFT OUTER JOIN nw031m as B ON B.CNTN_ID = A.CNTN_ID and B.LOCALE = ? , nw021m as C where A.CO_ID = ? and A.MENU_LEVEL = '1' and A.MENU_DSPL_INDC = 'Y' and A.MENU_ID = C.MENU_ID and A.CO_ID = C.CO_ID and C.LOCALE = ? order by A.menu_ord 
10:46:57.598 [Test worker] DEBUG o.u.g.m.M.selectByTopMenu - ==> Parameters: ko(String), A001(String), ko(String)
10:46:57.604 [Test worker] DEBUG o.u.g.m.M.selectByTopMenu - <==      Total: 6
10:46:57.606 [Test worker] DEBUG o.mybatis.spring.SqlSessionUtils - Releasing transactional SqlSession [org.apache.ibatis.session.defaults.DefaultSqlSession@5d650710]
10:46:57.606 [Test worker] DEBUG o.mybatis.spring.SqlSessionUtils - Transaction synchronization deregistering SqlSession [org.apache.ibatis.session.defaults.DefaultSqlSession@5d650710]
10:46:57.606 [Test worker] DEBUG o.mybatis.spring.SqlSessionUtils - Transaction synchronization closing SqlSession [org.apache.ibatis.session.defaults.DefaultSqlSession@5d650710]
10:46:57.617 [Test worker] DEBUG o.mybatis.spring.SqlSessionUtils - Creating a new SqlSession
10:46:57.617 [Test worker] DEBUG o.mybatis.spring.SqlSessionUtils - Registering transaction synchronization for SqlSession [org.apache.ibatis.session.defaults.DefaultSqlSession@861147d]
10:46:57.617 [Test worker] DEBUG o.m.s.t.SpringManagedTransaction - JDBC Connection [ConnectionHandle{url=jdbc:mysql://localhost/gw?useUnicode=true&characterEncoding=utf-8, user=gw, debugHandle=null, lastResetAgoInSec=2, lastUsedAgoInSec=1, creationTimeAgoInSec=2}] will be managed by Spring
10:46:57.617 [Test worker] DEBUG o.u.g.m.M.selectBySubMenu - ==>  Preparing: select A.CO_ID as CO_ID, A.MENU_ID as MENU_ID, A.HIGH_MENU_ID as HIGH_MENU_ID, C.MENU_DSPL_NAME as MENU_DSPL_NAME, A.MENU_LEVEL as MENU_LEVEL, A.MENU_ORD as MENU_ORD, A.TOP_URL as TOP_URL, A.LEFT_URL as LEFT_URL, A.BODY_URL as BODY_URL, A.CNTN_ID as CNTN_ID, B.CNTN_NAME as CNTN_NAME, A.MENU_DSPL_INDC as MENU_DSPL_INDC, A.CNTN_LINK_INDC as CNTN_LINK_INDC, A.LINK_TYPE as LINK_TYPE, A.MENU_DESC as MENU_DESC, A.DFLT_MENU_INDC as DFLT_MENU_INDC, A.DLGT_MENU_INDC as DLGT_MENU_INDC, A.MY_MENU_SET_INDC as MY_MENU_SET_INDC, A.ICON_FILE_URL as ICON_FILE_URL, A.CRT_DATE as CRT_DATE, A.CRT_ID as CRT_ID, A.CHNG_DATE as CHNG_DATE, A.CHNG_ID as CHNG_ID from nw020m as A LEFT OUTER JOIN nw031m as B ON B.CNTN_ID = A.CNTN_ID and B.LOCALE = ? , nw021m as C where A.co_id = ? and A.high_menu_id like ? and A.menu_dspl_indc = 'Y' and A.MENU_ID = C.MENU_ID and A.CO_ID = C.CO_ID and C.LOCALE = ? order by A.MENU_LEVEL, A.menu_ord 
10:46:57.618 [Test worker] DEBUG o.u.g.m.M.selectBySubMenu - ==> Parameters: ko(String), A001(String), MENU01%(String), ko(String)
10:46:57.631 [Test worker] DEBUG o.u.g.m.M.selectBySubMenu - <==      Total: 14
10:46:57.632 [Test worker] DEBUG o.mybatis.spring.SqlSessionUtils - Releasing transactional SqlSession [org.apache.ibatis.session.defaults.DefaultSqlSession@861147d]
10:46:57.633 [Test worker] DEBUG o.mybatis.spring.SqlSessionUtils - Transaction synchronization deregistering SqlSession [org.apache.ibatis.session.defaults.DefaultSqlSession@861147d]
10:46:57.633 [Test worker] DEBUG o.mybatis.spring.SqlSessionUtils - Transaction synchronization closing SqlSession [org.apache.ibatis.session.defaults.DefaultSqlSession@861147d]
]]></system-out>
  <system-err><![CDATA[11월 24, 2017 10:46:57 오전 org.springframework.test.context.support.DefaultTestContextBootstrapper getDefaultTestExecutionListenerClassNames
정보: Loaded default TestExecutionListener class names from location [META-INF/spring.factories]: [org.springframework.test.context.web.ServletTestExecutionListener, org.springframework.test.context.support.DirtiesContextBeforeModesTestExecutionListener, org.springframework.test.context.support.DependencyInjectionTestExecutionListener, org.springframework.test.context.support.DirtiesContextTestExecutionListener, org.springframework.test.context.transaction.TransactionalTestExecutionListener, org.springframework.test.context.jdbc.SqlScriptsTestExecutionListener]
11월 24, 2017 10:46:57 오전 org.springframework.test.context.support.DefaultTestContextBootstrapper getTestExecutionListeners
정보: Using TestExecutionListeners: [org.springframework.test.context.web.ServletTestExecutionListener@31d6ecd7, org.springframework.test.context.support.DirtiesContextBeforeModesTestExecutionListener@6705521f, org.springframework.test.context.support.DependencyInjectionTestExecutionListener@1b782aee, org.springframework.test.context.support.DirtiesContextTestExecutionListener@70d35f34, org.springframework.test.context.transaction.TransactionalTestExecutionListener@76e5b5ad, org.springframework.test.context.jdbc.SqlScriptsTestExecutionListener@3b3d94c4]
11월 24, 2017 10:46:57 오전 org.springframework.test.context.transaction.TransactionContext startTransaction
정보: Began transaction (1) for test context [DefaultTestContext@2109b824 testClass = MenuServiceTest, testInstance = org.uniworks.groupware.service.MenuServiceTest@6bb4cce7, testMethod = testGetTopMenu@MenuServiceTest, testException = [null], mergedContextConfiguration = [MergedContextConfiguration@66fd1e6e testClass = MenuServiceTest, locations = '{}', classes = '{class org.uniworks.groupware.common.config.AppConfig, class org.uniworks.groupware.common.config.BoneCPConfig}', contextInitializerClasses = '[]', activeProfiles = '{}', propertySourceLocations = '{}', propertySourceProperties = '{}', contextCustomizers = set[[empty]], contextLoader = 'org.springframework.test.context.support.DelegatingSmartContextLoader', parent = [null]], attributes = map[[empty]]]; transaction manager [org.springframework.jdbc.datasource.DataSourceTransactionManager@47cbf9ef]; rollback [true]
11월 24, 2017 10:46:57 오전 org.springframework.test.context.transaction.TransactionContext endTransaction
정보: Rolled back transaction for test context [DefaultTestContext@2109b824 testClass = MenuServiceTest, testInstance = org.uniworks.groupware.service.MenuServiceTest@6bb4cce7, testMethod = testGetTopMenu@MenuServiceTest, testException = [null], mergedContextConfiguration = [MergedContextConfiguration@66fd1e6e testClass = MenuServiceTest, locations = '{}', classes = '{class org.uniworks.groupware.common.config.AppConfig, class org.uniworks.groupware.common.config.BoneCPConfig}', contextInitializerClasses = '[]', activeProfiles = '{}', propertySourceLocations = '{}', propertySourceProperties = '{}', contextCustomizers = set[[empty]], contextLoader = 'org.springframework.test.context.support.DelegatingSmartContextLoader', parent = [null]], attributes = map[[empty]]].
11월 24, 2017 10:46:57 오전 org.springframework.test.context.transaction.TransactionContext startTransaction
정보: Began transaction (1) for test context [DefaultTestContext@2109b824 testClass = MenuServiceTest, testInstance = org.uniworks.groupware.service.MenuServiceTest@319c7094, testMethod = testGetSubMenuAll@MenuServiceTest, testException = [null], mergedContextConfiguration = [MergedContextConfiguration@66fd1e6e testClass = MenuServiceTest, locations = '{}', classes = '{class org.uniworks.groupware.common.config.AppConfig, class org.uniworks.groupware.common.config.BoneCPConfig}', contextInitializerClasses = '[]', activeProfiles = '{}', propertySourceLocations = '{}', propertySourceProperties = '{}', contextCustomizers = set[[empty]], contextLoader = 'org.springframework.test.context.support.DelegatingSmartContextLoader', parent = [null]], attributes = map[[empty]]]; transaction manager [org.springframework.jdbc.datasource.DataSourceTransactionManager@47cbf9ef]; rollback [true]
11월 24, 2017 10:46:57 오전 org.springframework.test.context.transaction.TransactionContext endTransaction
정보: Rolled back transaction for test context [DefaultTestContext@2109b824 testClass = MenuServiceTest, testInstance = org.uniworks.groupware.service.MenuServiceTest@319c7094, testMethod = testGetSubMenuAll@MenuServiceTest, testException = [null], mergedContextConfiguration = [MergedContextConfiguration@66fd1e6e testClass = MenuServiceTest, locations = '{}', classes = '{class org.uniworks.groupware.common.config.AppConfig, class org.uniworks.groupware.common.config.BoneCPConfig}', contextInitializerClasses = '[]', activeProfiles = '{}', propertySourceLocations = '{}', propertySourceProperties = '{}', contextCustomizers = set[[empty]], contextLoader = 'org.springframework.test.context.support.DelegatingSmartContextLoader', parent = [null]], attributes = map[[empty]]].
]]></system-err>
</testsuite>
