<?xml version="1.0" encoding="UTF-8"?>
<testsuite name="org.uniworks.groupware.mapper.ApprovalMapperTest" tests="1" skipped="0" failures="0" errors="0" timestamp="2017-11-24T01:46:55" hostname="Chungwan-PC" time="0.227">
  <properties/>
  <testcase name="selectCprtnApprovalPersonInfoTest" classname="org.uniworks.groupware.mapper.ApprovalMapperTest" time="0.227"/>
  <system-out><![CDATA[10:46:55.794 [Test worker] DEBUG o.mybatis.spring.SqlSessionUtils - Creating a new SqlSession
10:46:55.863 [Test worker] DEBUG o.mybatis.spring.SqlSessionUtils - SqlSession [org.apache.ibatis.session.defaults.DefaultSqlSession@1803816] was not registered for synchronization because synchronization is not active
10:46:55.875 [Test worker] DEBUG o.m.s.t.SpringManagedTransaction - JDBC Connection [ConnectionHandle{url=jdbc:mysql://localhost/gw?useUnicode=true&characterEncoding=utf-8, user=gw, debugHandle=null, lastResetAgoInSec=0, lastUsedAgoInSec=0, creationTimeAgoInSec=0}] will not be managed by Spring
10:46:55.880 [Test worker] DEBUG o.u.g.m.A.selectCprtnApprovalPersonInfo - ==>  Preparing: select a.CO_ID CO_ID, a.CNTN_ID CNTN_ID, a.DCMT_RGSR_NO DCMT_RGSR_NO, a.APPR_DGR APPR_DGR, a.SEQ_NO SEQ_NO, a.CPRT_EMP_NO CPRT_EMP_NO, a.APPR_DATE_TIME APPR_DATE_TIME, a.APPR_STUS APPR_STUS, a.DEPT_CODE DEPT_CODE, a.DEPT_DESC DEPT_DESC, a.DUTY_DESC DUTY_DESC, a.PSTN_DESC PSTN_DESC, a.STEAD_APPR_EMP_NO STEAD_APPR_EMP_NO, a.STEAD_APPR_INDC STEAD_APPR_INDC, a.COMMENT COMMENT from nw112m a where a.co_id = ? and a.cntn_id = ? and a.dcmt_rgsr_no = ? and a.appr_dgr <= (select min(appr_dgr) from gw.nw111m where co_id = a.co_id and dcmt_rgsr_no = a.dcmt_rgsr_no and appr_stus = '1' and appr_dgr = ? ) 
10:46:55.953 [Test worker] DEBUG o.u.g.m.A.selectCprtnApprovalPersonInfo - ==> Parameters: A001(String), CNTN000005(String), 201705051493953995815A7(String), 3(Integer)
10:46:56.007 [Test worker] DEBUG o.u.g.m.A.selectCprtnApprovalPersonInfo - <==      Total: 0
10:46:56.009 [Test worker] DEBUG o.mybatis.spring.SqlSessionUtils - Closing non transactional SqlSession [org.apache.ibatis.session.defaults.DefaultSqlSession@1803816]
10:46:56.010 [Test worker] DEBUG o.u.g.mapper.ApprovalMapperTest - list size: 0
10:46:56.011 [Test worker] DEBUG o.u.g.mapper.ApprovalMapperTest - []
]]></system-out>
  <system-err><![CDATA[11월 24, 2017 10:46:55 오전 org.springframework.test.context.support.DefaultTestContextBootstrapper getDefaultTestExecutionListenerClassNames
정보: Loaded default TestExecutionListener class names from location [META-INF/spring.factories]: [org.springframework.test.context.web.ServletTestExecutionListener, org.springframework.test.context.support.DirtiesContextBeforeModesTestExecutionListener, org.springframework.test.context.support.DependencyInjectionTestExecutionListener, org.springframework.test.context.support.DirtiesContextTestExecutionListener, org.springframework.test.context.transaction.TransactionalTestExecutionListener, org.springframework.test.context.jdbc.SqlScriptsTestExecutionListener]
11월 24, 2017 10:46:55 오전 org.springframework.test.context.support.DefaultTestContextBootstrapper getTestExecutionListeners
정보: Using TestExecutionListeners: [org.springframework.test.context.web.ServletTestExecutionListener@7cc0b1b, org.springframework.test.context.support.DirtiesContextBeforeModesTestExecutionListener@38dfdab0, org.springframework.test.context.support.DependencyInjectionTestExecutionListener@5a7ceaa4, org.springframework.test.context.support.DirtiesContextTestExecutionListener@56d84d63, org.springframework.test.context.transaction.TransactionalTestExecutionListener@31ab1070, org.springframework.test.context.jdbc.SqlScriptsTestExecutionListener@77e746af]
Fri Nov 24 10:46:55 KST 2017 WARN: Establishing SSL connection without server's identity verification is not recommended. According to MySQL 5.5.45+, 5.6.26+ and 5.7.6+ requirements SSL connection must be established by default if explicit option isn't set. For compliance with existing applications not using SSL the verifyServerCertificate property is set to 'false'. You need either to explicitly disable SSL by setting useSSL=false, or set useSSL=true and provide truststore for server certificate verification.
Fri Nov 24 10:46:55 KST 2017 WARN: Establishing SSL connection without server's identity verification is not recommended. According to MySQL 5.5.45+, 5.6.26+ and 5.7.6+ requirements SSL connection must be established by default if explicit option isn't set. For compliance with existing applications not using SSL the verifyServerCertificate property is set to 'false'. You need either to explicitly disable SSL by setting useSSL=false, or set useSSL=true and provide truststore for server certificate verification.
]]></system-err>
</testsuite>
