<?xml version="1.0" encoding="UTF-8"?>
<testsuite name="org.uniworks.groupware.mapper.MenuMapperTest" tests="2" skipped="0" failures="0" errors="0" timestamp="2017-11-24T01:46:56" hostname="Chungwan-PC" time="0.116">
  <properties/>
  <testcase name="testSelectBySubMenu" classname="org.uniworks.groupware.mapper.MenuMapperTest" time="0.094"/>
  <testcase name="testSelectByTopMenu" classname="org.uniworks.groupware.mapper.MenuMapperTest" time="0.022"/>
  <system-out><![CDATA[10:46:56.164 [Test worker] DEBUG o.mybatis.spring.SqlSessionUtils - Creating a new SqlSession
10:46:56.165 [Test worker] DEBUG o.mybatis.spring.SqlSessionUtils - SqlSession [org.apache.ibatis.session.defaults.DefaultSqlSession@188fe262] was not registered for synchronization because synchronization is not active
10:46:56.165 [Test worker] DEBUG o.m.s.t.SpringManagedTransaction - JDBC Connection [ConnectionHandle{url=jdbc:mysql://localhost/gw?useUnicode=true&characterEncoding=utf-8, user=gw, debugHandle=null, lastResetAgoInSec=0, lastUsedAgoInSec=0, creationTimeAgoInSec=0}] will not be managed by Spring
10:46:56.166 [Test worker] DEBUG o.u.g.m.M.selectBySubMenu - ==>  Preparing: select A.CO_ID as CO_ID, A.MENU_ID as MENU_ID, A.HIGH_MENU_ID as HIGH_MENU_ID, C.MENU_DSPL_NAME as MENU_DSPL_NAME, A.MENU_LEVEL as MENU_LEVEL, A.MENU_ORD as MENU_ORD, A.TOP_URL as TOP_URL, A.LEFT_URL as LEFT_URL, A.BODY_URL as BODY_URL, A.CNTN_ID as CNTN_ID, B.CNTN_NAME as CNTN_NAME, A.MENU_DSPL_INDC as MENU_DSPL_INDC, A.CNTN_LINK_INDC as CNTN_LINK_INDC, A.LINK_TYPE as LINK_TYPE, A.MENU_DESC as MENU_DESC, A.DFLT_MENU_INDC as DFLT_MENU_INDC, A.DLGT_MENU_INDC as DLGT_MENU_INDC, A.MY_MENU_SET_INDC as MY_MENU_SET_INDC, A.ICON_FILE_URL as ICON_FILE_URL, A.CRT_DATE as CRT_DATE, A.CRT_ID as CRT_ID, A.CHNG_DATE as CHNG_DATE, A.CHNG_ID as CHNG_ID from nw020m as A LEFT OUTER JOIN nw031m as B ON B.CNTN_ID = A.CNTN_ID and B.LOCALE = ? , nw021m as C where A.co_id = ? and A.high_menu_id like ? and A.menu_dspl_indc = 'Y' and A.MENU_ID = C.MENU_ID and A.CO_ID = C.CO_ID and C.LOCALE = ? order by A.MENU_LEVEL, A.menu_ord 
10:46:56.167 [Test worker] DEBUG o.u.g.m.M.selectBySubMenu - ==> Parameters: ko(String), A001(String), MENU01%(String), ko(String)
10:46:56.256 [Test worker] DEBUG o.u.g.m.M.selectBySubMenu - <==      Total: 14
10:46:56.256 [Test worker] DEBUG o.mybatis.spring.SqlSessionUtils - Closing non transactional SqlSession [org.apache.ibatis.session.defaults.DefaultSqlSession@188fe262]
10:46:56.257 [Test worker] DEBUG o.u.g.mapper.MenuMapperTest - MENU010100:MENU010000:메일
10:46:56.257 [Test worker] DEBUG o.u.g.mapper.MenuMapperTest - MENU010300:MENU010000:전자 결재
10:46:56.257 [Test worker] DEBUG o.u.g.mapper.MenuMapperTest - MENU010400:MENU010000:일정 관리
10:46:56.257 [Test worker] DEBUG o.u.g.mapper.MenuMapperTest - MENU010500:MENU010000:쪽지
10:46:56.257 [Test worker] DEBUG o.u.g.mapper.MenuMapperTest - MENU010301:MENU010300:결재양식함
10:46:56.257 [Test worker] DEBUG o.u.g.mapper.MenuMapperTest - MENU010401:MENU010400:개인 일정
10:46:56.257 [Test worker] DEBUG o.u.g.mapper.MenuMapperTest - MENU010305:MENU010300:작성중 문서함
10:46:56.257 [Test worker] DEBUG o.u.g.mapper.MenuMapperTest - MENU010402:MENU010400:전사 일정
10:46:56.257 [Test worker] DEBUG o.u.g.mapper.MenuMapperTest - MENU010302:MENU010300:결재함
10:46:56.257 [Test worker] DEBUG o.u.g.mapper.MenuMapperTest - MENU010403:MENU010400:팀 일정
10:46:56.258 [Test worker] DEBUG o.u.g.mapper.MenuMapperTest - MENU010303:MENU010300:결재진행함
10:46:56.258 [Test worker] DEBUG o.u.g.mapper.MenuMapperTest - MENU010304:MENU010300:결재완료함
10:46:56.258 [Test worker] DEBUG o.u.g.mapper.MenuMapperTest - MENU010306:MENU010300:수신함
10:46:56.258 [Test worker] DEBUG o.u.g.mapper.MenuMapperTest - MENU010307:MENU010300:반려함
10:46:56.259 [Test worker] DEBUG o.mybatis.spring.SqlSessionUtils - Creating a new SqlSession
10:46:56.259 [Test worker] DEBUG o.mybatis.spring.SqlSessionUtils - SqlSession [org.apache.ibatis.session.defaults.DefaultSqlSession@5fe85d75] was not registered for synchronization because synchronization is not active
10:46:56.259 [Test worker] DEBUG o.m.s.t.SpringManagedTransaction - JDBC Connection [ConnectionHandle{url=jdbc:mysql://localhost/gw?useUnicode=true&characterEncoding=utf-8, user=gw, debugHandle=null, lastResetAgoInSec=0, lastUsedAgoInSec=0, creationTimeAgoInSec=0}] will not be managed by Spring
10:46:56.259 [Test worker] DEBUG o.u.g.m.M.selectByTopMenu - ==>  Preparing: select A.CO_ID as CO_ID, A.MENU_ID as MENU_ID, A.HIGH_MENU_ID as HIGH_MENU_ID, C.MENU_DSPL_NAME as MENU_DSPL_NAME, A.MENU_LEVEL as MENU_LEVEL, A.MENU_ORD as MENU_ORD, A.TOP_URL as TOP_URL, A.LEFT_URL as LEFT_URL, A.BODY_URL as BODY_URL, A.CNTN_ID as CNTN_ID, B.CNTN_NAME as CNTN_NAME, A.MENU_DSPL_INDC as MENU_DSPL_INDC, A.CNTN_LINK_INDC as CNTN_LINK_INDC, A.LINK_TYPE as LINK_TYPE, A.MENU_DESC as MENU_DESC, A.DFLT_MENU_INDC as DFLT_MENU_INDC, A.DLGT_MENU_INDC as DLGT_MENU_INDC, A.MY_MENU_SET_INDC as MY_MENU_SET_INDC, A.ICON_FILE_URL as ICON_FILE_URL, A.CRT_DATE as CRT_DATE, A.CRT_ID as CRT_ID, A.CHNG_DATE as CHNG_DATE, A.CHNG_ID as CHNG_ID from nw020m as A LEFT OUTER JOIN nw031m as B ON B.CNTN_ID = A.CNTN_ID and B.LOCALE = ? , nw021m as C where A.CO_ID = ? and A.MENU_LEVEL = '1' and A.MENU_DSPL_INDC = 'Y' and A.MENU_ID = C.MENU_ID and A.CO_ID = C.CO_ID and C.LOCALE = ? order by A.menu_ord 
10:46:56.261 [Test worker] DEBUG o.u.g.m.M.selectByTopMenu - ==> Parameters: ko(String), A001(String), ko(String)
10:46:56.278 [Test worker] DEBUG o.u.g.m.M.selectByTopMenu - <==      Total: 6
10:46:56.278 [Test worker] DEBUG o.mybatis.spring.SqlSessionUtils - Closing non transactional SqlSession [org.apache.ibatis.session.defaults.DefaultSqlSession@5fe85d75]
10:46:56.279 [Test worker] DEBUG o.u.g.mapper.MenuMapperTest - MENU010000:MENU000000:전자 비서
10:46:56.279 [Test worker] DEBUG o.u.g.mapper.MenuMapperTest - MENU020000:MENU000000:어울림 마당
10:46:56.280 [Test worker] DEBUG o.u.g.mapper.MenuMapperTest - MENU030000:MENU000000:신청 관리
10:46:56.280 [Test worker] DEBUG o.u.g.mapper.MenuMapperTest - MENU050000:MENU000000:문서 관리
10:46:56.280 [Test worker] DEBUG o.u.g.mapper.MenuMapperTest - MENU040000:MENU000000:도우미
10:46:56.280 [Test worker] DEBUG o.u.g.mapper.MenuMapperTest - MENU090000:MENU000000:개인 설정 관리
]]></system-out>
  <system-err><![CDATA[11월 24, 2017 10:46:56 오전 org.springframework.test.context.support.DefaultTestContextBootstrapper getDefaultTestExecutionListenerClassNames
정보: Loaded default TestExecutionListener class names from location [META-INF/spring.factories]: [org.springframework.test.context.web.ServletTestExecutionListener, org.springframework.test.context.support.DirtiesContextBeforeModesTestExecutionListener, org.springframework.test.context.support.DependencyInjectionTestExecutionListener, org.springframework.test.context.support.DirtiesContextTestExecutionListener, org.springframework.test.context.transaction.TransactionalTestExecutionListener, org.springframework.test.context.jdbc.SqlScriptsTestExecutionListener]
11월 24, 2017 10:46:56 오전 org.springframework.test.context.support.DefaultTestContextBootstrapper getTestExecutionListeners
정보: Using TestExecutionListeners: [org.springframework.test.context.web.ServletTestExecutionListener@34d6d4d4, org.springframework.test.context.support.DirtiesContextBeforeModesTestExecutionListener@5cfe53f9, org.springframework.test.context.support.DependencyInjectionTestExecutionListener@45adab6e, org.springframework.test.context.support.DirtiesContextTestExecutionListener@77f380f8, org.springframework.test.context.transaction.TransactionalTestExecutionListener@75819aa6, org.springframework.test.context.jdbc.SqlScriptsTestExecutionListener@5bce7e74]
]]></system-err>
</testsuite>
