<?xml version="1.0" encoding="UTF-8"?>
<testsuite name="org.uniworks.groupware.service.CompanyServiceTest" tests="1" skipped="0" failures="0" errors="0" timestamp="2017-11-24T01:46:57" hostname="Chungwan-PC" time="0.013">
  <properties/>
  <testcase name="testA" classname="org.uniworks.groupware.service.CompanyServiceTest" time="0.013"/>
  <system-out><![CDATA[10:46:57.477 [Test worker] DEBUG o.mybatis.spring.SqlSessionUtils - Creating a new SqlSession
10:46:57.477 [Test worker] DEBUG o.mybatis.spring.SqlSessionUtils - Registering transaction synchronization for SqlSession [org.apache.ibatis.session.defaults.DefaultSqlSession@78d304e9]
10:46:57.477 [Test worker] DEBUG o.m.s.t.SpringManagedTransaction - JDBC Connection [ConnectionHandle{url=jdbc:mysql://localhost/gw?useUnicode=true&characterEncoding=utf-8, user=gw, debugHandle=null, lastResetAgoInSec=1, lastUsedAgoInSec=1, creationTimeAgoInSec=1}] will be managed by Spring
10:46:57.478 [Test worker] DEBUG o.u.g.m.C.selectByCompanyMaster - ==>  Preparing: select CO_ID, CO_NAME, ST_DATE, FIN_DATE, PRNT_CO_CLSF, PRNT_CO_CODE, USE_INDC, BIZ_RGSR_NO, RPRSNT_NAME, ZIP_CODE, CO_ADDR, CO_PHON_NO, CO_FAX_NO, HOME_PAGE_URL, BASE_OGAN_LEV, SPRT_LANG from hr001m where CO_ID = ? 
10:46:57.478 [Test worker] DEBUG o.u.g.m.C.selectByCompanyMaster - ==> Parameters: A001(String)
10:46:57.483 [Test worker] DEBUG o.u.g.m.C.selectByCompanyMaster - <==      Total: 1
10:46:57.483 [Test worker] DEBUG o.mybatis.spring.SqlSessionUtils - Releasing transactional SqlSession [org.apache.ibatis.session.defaults.DefaultSqlSession@78d304e9]
10:46:57.484 [Test worker] DEBUG o.mybatis.spring.SqlSessionUtils - Transaction synchronization deregistering SqlSession [org.apache.ibatis.session.defaults.DefaultSqlSession@78d304e9]
10:46:57.484 [Test worker] DEBUG o.mybatis.spring.SqlSessionUtils - Transaction synchronization closing SqlSession [org.apache.ibatis.session.defaults.DefaultSqlSession@78d304e9]
]]></system-out>
  <system-err><![CDATA[11월 24, 2017 10:46:57 오전 org.springframework.test.context.support.DefaultTestContextBootstrapper getDefaultTestExecutionListenerClassNames
정보: Loaded default TestExecutionListener class names from location [META-INF/spring.factories]: [org.springframework.test.context.web.ServletTestExecutionListener, org.springframework.test.context.support.DirtiesContextBeforeModesTestExecutionListener, org.springframework.test.context.support.DependencyInjectionTestExecutionListener, org.springframework.test.context.support.DirtiesContextTestExecutionListener, org.springframework.test.context.transaction.TransactionalTestExecutionListener, org.springframework.test.context.jdbc.SqlScriptsTestExecutionListener]
11월 24, 2017 10:46:57 오전 org.springframework.test.context.support.DefaultTestContextBootstrapper getTestExecutionListeners
정보: Using TestExecutionListeners: [org.springframework.test.context.web.ServletTestExecutionListener@1ad6af45, org.springframework.test.context.support.DirtiesContextBeforeModesTestExecutionListener@28c733b3, org.springframework.test.context.support.DependencyInjectionTestExecutionListener@3743c7, org.springframework.test.context.support.DirtiesContextTestExecutionListener@c2f5549, org.springframework.test.context.transaction.TransactionalTestExecutionListener@23ac6f0e, org.springframework.test.context.jdbc.SqlScriptsTestExecutionListener@32678a63]
11월 24, 2017 10:46:57 오전 org.springframework.test.context.transaction.TransactionContext startTransaction
정보: Began transaction (1) for test context [DefaultTestContext@3029322b testClass = CompanyServiceTest, testInstance = org.uniworks.groupware.service.CompanyServiceTest@1e07f2fb, testMethod = testA@CompanyServiceTest, testException = [null], mergedContextConfiguration = [MergedContextConfiguration@5afad7fd testClass = CompanyServiceTest, locations = '{}', classes = '{class org.uniworks.groupware.common.config.AppConfig, class org.uniworks.groupware.common.config.BoneCPConfig}', contextInitializerClasses = '[]', activeProfiles = '{}', propertySourceLocations = '{}', propertySourceProperties = '{}', contextCustomizers = set[[empty]], contextLoader = 'org.springframework.test.context.support.DelegatingSmartContextLoader', parent = [null]], attributes = map[[empty]]]; transaction manager [org.springframework.jdbc.datasource.DataSourceTransactionManager@47cbf9ef]; rollback [true]
11월 24, 2017 10:46:57 오전 org.springframework.test.context.transaction.TransactionContext endTransaction
정보: Rolled back transaction for test context [DefaultTestContext@3029322b testClass = CompanyServiceTest, testInstance = org.uniworks.groupware.service.CompanyServiceTest@1e07f2fb, testMethod = testA@CompanyServiceTest, testException = [null], mergedContextConfiguration = [MergedContextConfiguration@5afad7fd testClass = CompanyServiceTest, locations = '{}', classes = '{class org.uniworks.groupware.common.config.AppConfig, class org.uniworks.groupware.common.config.BoneCPConfig}', contextInitializerClasses = '[]', activeProfiles = '{}', propertySourceLocations = '{}', propertySourceProperties = '{}', contextCustomizers = set[[empty]], contextLoader = 'org.springframework.test.context.support.DelegatingSmartContextLoader', parent = [null]], attributes = map[[empty]]].
]]></system-err>
</testsuite>
